TN:
SF:contracts/FrensArt.sol
FN:20,FrensArt.renderTokenById
FNDA:0,FrensArt.renderTokenById
DA:21,0
DA:22,0
DA:23,0
DA:24,0
DA:25,0
DA:26,0
DA:27,0
DA:28,0
DA:29,0
DA:30,0
DA:58,0
FNF:1
FNH:0
LF:11
LH:0
BRF:0
BRH:0
end_of_record
TN:
SF:contracts/FrensLogo.sol
FN:5,FrensLogo.getLogo
FNDA:0,FrensLogo.getLogo
DA:6,0
FNF:1
FNH:0
LF:1
LH:0
BRF:0
BRH:0
end_of_record
TN:
SF:contracts/FrensMerkleProver.sol
FN:9,FrensMerkleProver.verify
FNDA:0,FrensMerkleProver.verify
DA:10,0
BRDA:10,0,0,-
BRDA:10,0,1,-
FN:13,FrensMerkleProver._toBytes32
FNDA:0,FrensMerkleProver._toBytes32
DA:14,0
FNF:2
FNH:0
LF:2
LH:0
BRF:2
BRH:0
end_of_record
TN:
SF:contracts/FrensMetaHelper.sol
FN:22,FrensMetaHelper.getDepositStringForId
FNDA:0,FrensMetaHelper.getDepositStringForId
DA:25,0
DA:26,0
FN:29,FrensMetaHelper.getEthDecimalString
FNDA:0,FrensMetaHelper.getEthDecimalString
DA:32,0
DA:33,0
DA:34,0
DA:36,0
BRDA:36,0,0,-
BRDA:36,0,1,-
DA:37,0
BRDA:37,1,0,-
BRDA:37,1,1,-
DA:38,0
FN:41,FrensMetaHelper.getPoolString
FNDA:0,FrensMetaHelper.getPoolString
DA:42,0
DA:43,0
FN:59,FrensMetaHelper._iToHex
FNDA:0,FrensMetaHelper._iToHex
DA:63,0
DA:64,0
DA:65,0
DA:66,0
DA:67,0
DA:69,0
FN:72,FrensMetaHelper.getEns
FNDA:0,FrensMetaHelper.getEns
DA:73,0
DA:74,0
DA:75,0
DA:76,0
BRDA:76,2,0,-
BRDA:76,2,1,-
DA:77,0
DA:78,0
FN:81,FrensMetaHelper._node
FNDA:0,FrensMetaHelper._node
DA:82,0
DA:83,0
FN:89,FrensMetaHelper.sha3HexAddress
FNDA:0,FrensMetaHelper.sha3HexAddress
DA:108,0
FNF:7
FNH:0
LF:25
LH:0
BRF:6
BRH:0
end_of_record
TN:
SF:contracts/FrensOracle.sol
FN:18,FrensOracle.checkValidatorState
FNDA:1065,FrensOracle.checkValidatorState
DA:19,1065
DA:20,1065
DA:21,1065
BRDA:21,0,0,-
BRDA:21,0,1,1
DA:22,1
DA:24,1065
FN:27,FrensOracle.setExiting
FNDA:2,FrensOracle.setExiting
DA:28,2
BRDA:28,1,0,1
BRDA:28,1,1,1
DA:29,1
FNF:2
FNH:2
LF:7
LH:7
BRF:4
BRH:3
end_of_record
TN:
SF:contracts/FrensPoolShare.sol
FN:33,FrensPoolShare.mint
FNDA:5940,FrensPoolShare.mint
DA:34,5940
BRDA:34,0,0,2
BRDA:34,0,1,5938
DA:38,5938
DA:39,5938
DA:40,5938
FN:43,FrensPoolShare.exists
FNDA:1198,FrensPoolShare.exists
DA:44,1198
FN:47,FrensPoolShare.getPoolById
FNDA:255,FrensPoolShare.getPoolById
DA:48,255
FN:51,FrensPoolShare.tokenURI
FNDA:0,FrensPoolShare.tokenURI
DA:54,0
DA:55,0
FN:58,FrensPoolShare.renderTokenById
FNDA:0,FrensPoolShare.renderTokenById
DA:59,0
DA:60,0
DA:61,0
FN:64,FrensPoolShare._beforeTokenTransfer
FNDA:7412,FrensPoolShare._beforeTokenTransfer
DA:70,7412
DA:71,7412
DA:72,7412
BRDA:72,1,0,958
BRDA:72,1,1,516
DA:73,1474
BRDA:73,2,0,958
BRDA:73,2,1,516
FN:77,FrensPoolShare.burn
FNDA:0,FrensPoolShare.burn
DA:78,0
BRDA:78,3,0,-
BRDA:78,3,1,-
DA:82,0
FN:85,FrensPoolShare.supportsInterface
FNDA:0,FrensPoolShare.supportsInterface
DA:94,0
FNF:8
FNH:4
LF:18
LH:10
BRF:8
BRH:6
end_of_record
TN:
SF:contracts/FrensPoolShareTokenURI.sol
FN:27,FrensPoolShareTokenURI.tokenURI
FNDA:0,FrensPoolShareTokenURI.tokenURI
DA:28,0
BRDA:28,0,0,-
BRDA:28,0,1,-
DA:29,0
DA:30,0
DA:31,0
DA:32,0
DA:33,0
DA:34,0
DA:37,0
DA:41,0
DA:44,0
DA:62,0
DA:67,0
DA:71,0
FN:117,FrensPoolShareTokenURI.generateSVGofTokenById
FNDA:0,FrensPoolShareTokenURI.generateSVGofTokenById
DA:121,0
DA:122,0
DA:130,0
FNF:2
FNH:0
LF:16
LH:0
BRF:2
BRH:0
end_of_record
TN:
SF:contracts/FrensStorage.sol
FN:43,FrensStorage.getGuardian
FNDA:2,FrensStorage.getGuardian
DA:44,2
FN:48,FrensStorage.setGuardian
FNDA:0,FrensStorage.setGuardian
DA:50,0
FN:54,FrensStorage.confirmGuardian
FNDA:0,FrensStorage.confirmGuardian
DA:56,0
BRDA:56,0,0,-
BRDA:56,0,1,-
DA:58,0
DA:60,0
DA:61,0
DA:63,0
FN:68,FrensStorage.getAddress
FNDA:3177,FrensStorage.getAddress
DA:69,3177
FN:73,FrensStorage.getUint
FNDA:1438,FrensStorage.getUint
DA:74,1438
FN:78,FrensStorage.getBool
FNDA:0,FrensStorage.getBool
DA:79,0
FN:84,FrensStorage.setAddress
FNDA:0,FrensStorage.setAddress
DA:85,0
FN:95,FrensStorage.setUint
FNDA:187,FrensStorage.setUint
DA:96,187
FN:101,FrensStorage.setBool
FNDA:0,FrensStorage.setBool
DA:102,0
FN:108,FrensStorage.deleteAddress
FNDA:0,FrensStorage.deleteAddress
DA:109,0
FN:113,FrensStorage.deleteUint
FNDA:0,FrensStorage.deleteUint
DA:114,0
FN:118,FrensStorage.deleteBool
FNDA:0,FrensStorage.deleteBool
DA:119,0
FN:126,FrensStorage.addUint
FNDA:0,FrensStorage.addUint
DA:127,0
FN:132,FrensStorage.subUint
FNDA:0,FrensStorage.subUint
DA:133,0
FNF:14
FNH:4
LF:18
LH:4
BRF:2
BRH:0
end_of_record
TN:
SF:contracts/PmFont.sol
FN:5,PmFont.getPmFont
FNDA:0,PmFont.getPmFont
DA:6,0
FNF:1
FNH:0
LF:1
LH:0
BRF:0
BRH:0
end_of_record
TN:
SF:contracts/StakingPool.sol
FN:120,StakingPool.depositToPool
FNDA:7186,StakingPool.depositToPool
DA:129,6332
BRDA:129,0,0,388
BRDA:129,0,1,5944
DA:130,5944
BRDA:130,1,0,6
BRDA:130,1,1,5938
DA:131,5938
BRDA:131,2,0,-
BRDA:131,2,1,-
DA:132,0
BRDA:132,3,0,-
BRDA:132,3,1,-
DA:133,0
DA:134,0
DA:135,0
DA:137,5938
DA:138,5938
DA:139,5938
DA:140,5938
DA:141,5938
DA:142,5938
DA:143,5938
DA:144,5938
FN:147,StakingPool.addToDeposit
FNDA:1190,StakingPool.addToDeposit
DA:148,688
BRDA:148,4,0,-
BRDA:148,4,1,688
DA:149,688
BRDA:149,5,0,-
BRDA:149,5,1,688
DA:150,688
DA:151,688
FN:154,StakingPool.withdraw
FNDA:401,StakingPool.withdraw
DA:155,401
BRDA:155,6,0,218
BRDA:155,6,1,183
DA:156,183
FN:159,StakingPool.withdrawAll
FNDA:1,StakingPool.withdrawAll
DA:160,1
FN:163,StakingPool._withdraw
FNDA:184,StakingPool._withdraw
DA:164,184
DA:165,184
DA:166,184
FN:170,StakingPool.stake
FNDA:724,StakingPool.stake
DA:177,724
BRDA:177,7,0,1
BRDA:177,7,1,235
DA:178,236
BRDA:178,8,0,1
BRDA:178,8,1,235
DA:181,488
DA:188,722
FN:191,StakingPool.stake
FNDA:3,StakingPool.stake
DA:192,3
FN:195,StakingPool._stake
FNDA:725,StakingPool._stake
DA:196,725
BRDA:196,9,0,1
BRDA:196,9,1,724
DA:197,724
BRDA:197,10,0,-
BRDA:197,10,1,724
DA:198,724
BRDA:198,11,0,-
BRDA:198,11,1,724
DA:199,724
BRDA:199,12,0,-
BRDA:199,12,1,724
DA:201,724
DA:202,724
DA:203,724
DA:209,724
FN:212,StakingPool.setPubKey
FNDA:1031,StakingPool.setPubKey
DA:218,1031
FN:226,StakingPool._setPubKey
FNDA:1519,StakingPool._setPubKey
DA:233,1519
DA:235,1519
BRDA:235,13,0,3
BRDA:235,13,1,1516
DA:240,1516
BRDA:240,14,0,-
BRDA:240,14,1,1026
DA:241,1027
BRDA:241,15,0,1
BRDA:241,15,1,1026
DA:242,1026
BRDA:242,16,0,-
BRDA:242,16,1,1026
DA:243,1026
DA:245,1515
BRDA:245,17,0,-
BRDA:245,17,1,1515
DA:246,1515
DA:247,1515
DA:248,1515
DA:249,1515
DA:250,1515
FN:274,StakingPool.claim
FNDA:1852,StakingPool.claim
DA:275,1852
BRDA:275,18,0,566
BRDA:275,18,1,1286
DA:279,1286
BRDA:279,19,0,222
BRDA:279,19,1,1064
DA:284,1064
DA:285,1064
BRDA:285,20,0,-
BRDA:285,20,1,1064
DA:286,1064
DA:287,1064
DA:288,0
DA:290,1064
DA:292,1064
DA:293,1064
DA:295,1064
DA:296,1064
BRDA:296,21,0,-
BRDA:296,21,1,228
DA:297,361
DA:298,361
DA:299,361
BRDA:299,22,0,-
BRDA:299,22,1,228
DA:300,361
DA:302,1064
FN:305,StakingPool.exitPool
FNDA:2,StakingPool.exitPool
DA:306,2
BRDA:306,23,0,1
BRDA:306,23,1,1
DA:307,1
FN:311,StakingPool.rageQuit
FNDA:1024,StakingPool.rageQuit
DA:312,1024
DA:313,1024
BRDA:313,24,0,512
BRDA:313,24,1,512
DA:314,512
DA:315,512
FN:319,StakingPool.buyOut
FNDA:512,StakingPool.buyOut
DA:328,512
BRDA:328,25,0,256
BRDA:328,25,1,256
DA:329,256
DA:330,256
DA:331,256
DA:332,256
DA:337,256
FN:340,StakingPool.unlockTransfer
FNDA:768,StakingPool.unlockTransfer
DA:341,768
DA:342,768
BRDA:342,26,0,512
BRDA:342,26,1,256
DA:343,256
FN:346,StakingPool.burn
FNDA:0,StakingPool.burn
DA:347,0
FN:352,StakingPool.getIdsInThisPool
FNDA:0,StakingPool.getIdsInThisPool
DA:353,0
FN:356,StakingPool.getShare
FNDA:0,StakingPool.getShare
DA:357,0
FN:360,StakingPool._getShare
FNDA:1438,StakingPool._getShare
DA:361,1438
BRDA:361,27,0,-
BRDA:361,27,1,1438
DA:362,1438
DA:363,1438
DA:364,1438
DA:365,1438
BRDA:365,28,0,494
BRDA:365,28,1,944
DA:366,944
DA:367,944
FN:370,StakingPool.getDistributableShare
FNDA:374,StakingPool.getDistributableShare
DA:371,374
BRDA:371,29,0,-
BRDA:371,29,1,374
DA:372,0
DA:374,374
DA:375,374
DA:376,374
BRDA:376,30,0,374
BRDA:376,30,1,374
DA:377,374
DA:378,374
DA:380,374
FN:384,StakingPool.getState
FNDA:1,StakingPool.getState
DA:385,1
BRDA:385,31,0,-
BRDA:385,31,1,1
DA:386,0
DA:387,1
BRDA:387,32,0,-
BRDA:387,32,1,1
DA:388,1
BRDA:388,33,0,-
BRDA:388,33,1,1
DA:389,0
DA:390,1
BRDA:390,34,0,1
BRDA:390,34,1,-
DA:391,0
FN:394,StakingPool.owner
FNDA:2,StakingPool.owner
DA:400,1760
FN:403,StakingPool._toWithdrawalCred
FNDA:1519,StakingPool._toWithdrawalCred
DA:404,1519
DA:405,1519
DA:409,1519
FN:413,StakingPool.setArt
FNDA:0,StakingPool.setArt
DA:414,0
DA:415,0
DA:416,0
BRDA:416,35,0,-
BRDA:416,35,1,-
DA:417,0
FN:423,StakingPool.
FNDA:0,StakingPool.
FNF:25
FNH:20
LF:116
LH:100
BRF:72
BRH:49
end_of_record
TN:
SF:contracts/StakingPoolFactory.sol
FN:28,StakingPoolFactory.create
FNDA:513,StakingPoolFactory.create
DA:41,513
DA:51,513
DA:52,513
DA:53,513
FNF:1
FNH:1
LF:4
LH:4
BRF:0
BRH:0
end_of_record
TN:
SF:contracts/Waves.sol
FN:5,Waves.getWaves
FNDA:0,Waves.getWaves
DA:6,0
FNF:1
FNH:0
LF:1
LH:0
BRF:0
BRH:0
end_of_record
TN:
SF:test/foundry/TestHelper.sol
FN:24,NftReceiver.onERC721Received
FNDA:1,NftReceiver.onERC721Received
DA:31,1
BRDA:31,0,0,1
BRDA:31,0,1,-
DA:32,0
BRDA:32,1,0,-
BRDA:32,1,1,-
DA:33,0
BRDA:33,2,0,-
BRDA:33,2,1,-
DA:34,0
FN:17,BoolGetter.getBoolFromStorage
FNDA:0,BoolGetter.getBoolFromStorage
DA:18,0
FNF:2
FNH:1
LF:5
LH:1
BRF:6
BRH:1
end_of_record
