TN:
SF:contracts/FrensArt.sol
FN:20,FrensArt.renderTokenById
FNDA:0,FrensArt.renderTokenById
DA:21,0
DA:22,0
DA:23,0
DA:24,0
DA:25,0
DA:26,0
DA:27,0
DA:28,0
DA:29,0
DA:30,0
DA:58,0
FNF:1
FNH:0
LF:11
LH:0
BRF:0
BRH:0
end_of_record
TN:
SF:contracts/FrensLogo.sol
FN:5,FrensLogo.getLogo
FNDA:0,FrensLogo.getLogo
DA:6,0
FNF:1
FNH:0
LF:1
LH:0
BRF:0
BRH:0
end_of_record
TN:
SF:contracts/FrensMetaHelper.sol
FN:22,FrensMetaHelper.getDepositStringForId
FNDA:0,FrensMetaHelper.getDepositStringForId
DA:25,0
DA:26,0
FN:29,FrensMetaHelper.getEthDecimalString
FNDA:0,FrensMetaHelper.getEthDecimalString
DA:32,0
DA:33,0
DA:34,0
DA:36,0
BRDA:36,0,0,-
BRDA:36,0,1,-
DA:37,0
BRDA:37,1,0,-
BRDA:37,1,1,-
DA:38,0
FN:41,FrensMetaHelper.getPoolString
FNDA:0,FrensMetaHelper.getPoolString
DA:42,0
DA:43,0
FN:59,FrensMetaHelper._iToHex
FNDA:0,FrensMetaHelper._iToHex
DA:63,0
DA:64,0
DA:65,0
DA:66,0
DA:67,0
DA:69,0
FN:72,FrensMetaHelper.getEns
FNDA:0,FrensMetaHelper.getEns
DA:73,0
DA:74,0
DA:75,0
DA:76,0
BRDA:76,2,0,-
BRDA:76,2,1,-
DA:77,0
DA:78,0
FN:81,FrensMetaHelper._node
FNDA:0,FrensMetaHelper._node
DA:82,0
DA:83,0
FN:89,FrensMetaHelper.sha3HexAddress
FNDA:0,FrensMetaHelper.sha3HexAddress
DA:108,0
FNF:7
FNH:0
LF:25
LH:0
BRF:6
BRH:0
end_of_record
TN:
SF:contracts/FrensOracle.sol
FN:18,FrensOracle.checkValidatorState
FNDA:1100,FrensOracle.checkValidatorState
DA:19,1100
DA:20,1100
DA:21,1100
BRDA:21,0,0,-
BRDA:21,0,1,1
DA:22,1
DA:24,1100
FN:27,FrensOracle.setExiting
FNDA:2,FrensOracle.setExiting
DA:28,2
BRDA:28,1,0,1
BRDA:28,1,1,1
DA:29,1
FNF:2
FNH:2
LF:7
LH:7
BRF:4
BRH:3
end_of_record
TN:
SF:contracts/FrensPoolShare.sol
FN:33,FrensPoolShare.mint
FNDA:4553,FrensPoolShare.mint
DA:34,4553
BRDA:34,0,0,2
BRDA:34,0,1,4551
DA:38,4551
DA:39,4551
DA:40,4551
FN:43,FrensPoolShare.exists
FNDA:1200,FrensPoolShare.exists
DA:44,1200
FN:47,FrensPoolShare.getPoolById
FNDA:255,FrensPoolShare.getPoolById
DA:48,255
FN:51,FrensPoolShare.tokenURI
FNDA:0,FrensPoolShare.tokenURI
DA:54,0
DA:55,0
FN:58,FrensPoolShare.renderTokenById
FNDA:0,FrensPoolShare.renderTokenById
DA:59,0
DA:60,0
DA:61,0
FN:64,FrensPoolShare._beforeTokenTransfer
FNDA:4555,FrensPoolShare._beforeTokenTransfer
DA:70,4555
DA:71,4555
DA:72,4555
BRDA:72,1,0,-
BRDA:72,1,1,4
DA:73,4
BRDA:73,2,0,-
BRDA:73,2,1,4
FN:77,FrensPoolShare.burn
FNDA:0,FrensPoolShare.burn
DA:78,0
BRDA:78,3,0,-
BRDA:78,3,1,-
DA:82,0
FN:85,FrensPoolShare.supportsInterface
FNDA:0,FrensPoolShare.supportsInterface
DA:94,0
FNF:8
FNH:4
LF:18
LH:10
BRF:8
BRH:4
end_of_record
TN:
SF:contracts/FrensPoolShareTokenURI.sol
FN:27,FrensPoolShareTokenURI.tokenURI
FNDA:0,FrensPoolShareTokenURI.tokenURI
DA:28,0
BRDA:28,0,0,-
BRDA:28,0,1,-
DA:29,0
DA:30,0
DA:31,0
DA:32,0
DA:33,0
DA:34,0
DA:37,0
DA:41,0
DA:44,0
DA:62,0
DA:67,0
DA:114,0
FN:117,FrensPoolShareTokenURI.generateSVGofTokenById
FNDA:0,FrensPoolShareTokenURI.generateSVGofTokenById
DA:121,0
DA:122,0
DA:130,0
FNF:2
FNH:0
LF:16
LH:0
BRF:2
BRH:0
end_of_record
TN:
SF:contracts/FrensStorage.sol
FN:43,FrensStorage.getGuardian
FNDA:2,FrensStorage.getGuardian
DA:44,2
FN:48,FrensStorage.setGuardian
FNDA:0,FrensStorage.setGuardian
DA:50,0
FN:54,FrensStorage.confirmGuardian
FNDA:0,FrensStorage.confirmGuardian
DA:56,0
BRDA:56,0,0,-
BRDA:56,0,1,-
DA:58,0
DA:60,0
DA:61,0
DA:63,0
FN:68,FrensStorage.getAddress
FNDA:2205,FrensStorage.getAddress
DA:69,2205
FN:73,FrensStorage.getUint
FNDA:1491,FrensStorage.getUint
DA:74,1491
FN:78,FrensStorage.getBool
FNDA:0,FrensStorage.getBool
DA:79,0
FN:84,FrensStorage.setAddress
FNDA:0,FrensStorage.setAddress
DA:85,0
FN:95,FrensStorage.setUint
FNDA:196,FrensStorage.setUint
DA:96,196
FN:101,FrensStorage.setBool
FNDA:0,FrensStorage.setBool
DA:102,0
FN:108,FrensStorage.deleteAddress
FNDA:0,FrensStorage.deleteAddress
DA:109,0
FN:113,FrensStorage.deleteUint
FNDA:0,FrensStorage.deleteUint
DA:114,0
FN:118,FrensStorage.deleteBool
FNDA:0,FrensStorage.deleteBool
DA:119,0
FN:126,FrensStorage.addUint
FNDA:0,FrensStorage.addUint
DA:127,0
FN:132,FrensStorage.subUint
FNDA:0,FrensStorage.subUint
DA:133,0
FNF:14
FNH:4
LF:18
LH:4
BRF:2
BRH:0
end_of_record
TN:
SF:contracts/PmFont.sol
FN:5,PmFont.getPmFont
FNDA:0,PmFont.getPmFont
DA:6,0
FNF:1
FNH:0
LF:1
LH:0
BRF:0
BRH:0
end_of_record
TN:
SF:contracts/StakingPool.sol
FN:92,StakingPool.depositToPool
FNDA:5151,StakingPool.depositToPool
DA:99,4551
DA:100,4551
DA:101,4551
DA:102,4551
DA:103,4551
DA:104,4551
DA:105,4551
DA:106,4551
FN:109,StakingPool.addToDeposit
FNDA:1175,StakingPool.addToDeposit
DA:110,690
BRDA:110,0,0,-
BRDA:110,0,1,690
DA:112,690
DA:113,690
FN:116,StakingPool.stake
FNDA:737,StakingPool.stake
DA:123,737
BRDA:123,1,0,1
BRDA:123,1,1,242
DA:124,243
BRDA:124,2,0,1
BRDA:124,2,1,242
DA:127,494
DA:134,735
FN:137,StakingPool.stake
FNDA:3,StakingPool.stake
DA:138,3
FN:141,StakingPool._stake
FNDA:738,StakingPool._stake
DA:142,738
BRDA:142,3,0,1
BRDA:142,3,1,737
DA:143,737
BRDA:143,4,0,-
BRDA:143,4,1,737
DA:144,737
BRDA:144,5,0,-
BRDA:144,5,1,737
DA:145,737
BRDA:145,6,0,-
BRDA:145,6,1,737
DA:147,737
DA:148,737
DA:149,737
DA:155,737
FN:158,StakingPool.setPubKey
FNDA:1031,StakingPool.setPubKey
DA:164,1031
FN:172,StakingPool._setPubKey
FNDA:1525,StakingPool._setPubKey
DA:179,1525
DA:181,1525
BRDA:181,7,0,3
BRDA:181,7,1,1522
DA:186,1522
BRDA:186,8,0,-
BRDA:186,8,1,1026
DA:187,1027
BRDA:187,9,0,1
BRDA:187,9,1,1026
DA:188,1026
BRDA:188,10,0,-
BRDA:188,10,1,1026
DA:189,1026
DA:191,1521
BRDA:191,11,0,-
BRDA:191,11,1,1521
DA:192,1521
DA:193,1521
DA:194,1521
DA:195,1521
DA:196,1521
FN:219,StakingPool.withdraw
FNDA:384,StakingPool.withdraw
DA:220,384
BRDA:220,12,0,-
BRDA:220,12,1,384
DA:221,384
BRDA:221,13,0,209
BRDA:221,13,1,175
DA:222,175
DA:223,175
DA:224,175
FN:227,StakingPool.claim
FNDA:1911,StakingPool.claim
DA:228,1911
BRDA:228,14,0,589
BRDA:228,14,1,1322
DA:232,1322
BRDA:232,15,0,223
BRDA:232,15,1,1099
DA:237,1099
DA:238,1099
BRDA:238,16,0,-
BRDA:238,16,1,1099
DA:239,1099
DA:240,1099
DA:241,0
DA:243,1099
DA:245,1099
DA:246,1099
DA:248,1099
DA:249,1099
BRDA:249,17,0,-
BRDA:249,17,1,240
DA:250,365
DA:251,365
DA:252,365
BRDA:252,18,0,-
BRDA:252,18,1,240
DA:253,365
DA:255,1099
FN:258,StakingPool.exitPool
FNDA:2,StakingPool.exitPool
DA:259,2
BRDA:259,19,0,1
BRDA:259,19,1,1
DA:260,1
FN:291,StakingPool.getIdsInThisPool
FNDA:0,StakingPool.getIdsInThisPool
DA:292,0
FN:295,StakingPool.getShare
FNDA:0,StakingPool.getShare
DA:296,0
FN:299,StakingPool._getShare
FNDA:1491,StakingPool._getShare
DA:300,1491
BRDA:300,20,0,-
BRDA:300,20,1,1491
DA:301,1491
DA:302,1491
DA:303,1491
DA:304,1491
BRDA:304,21,0,484
BRDA:304,21,1,1007
DA:305,1007
DA:306,1007
FN:309,StakingPool.getDistributableShare
FNDA:392,StakingPool.getDistributableShare
DA:310,392
BRDA:310,22,0,-
BRDA:310,22,1,392
DA:311,0
DA:313,392
DA:314,392
DA:315,392
BRDA:315,23,0,392
BRDA:315,23,1,392
DA:316,392
DA:317,392
DA:319,392
FN:323,StakingPool.getState
FNDA:1,StakingPool.getState
DA:324,1
BRDA:324,24,0,-
BRDA:324,24,1,1
DA:325,0
DA:326,1
BRDA:326,25,0,-
BRDA:326,25,1,1
DA:327,1
BRDA:327,26,0,-
BRDA:327,26,1,1
DA:328,0
DA:329,1
BRDA:329,27,0,1
BRDA:329,27,1,-
DA:330,0
FN:333,StakingPool.owner
FNDA:2,StakingPool.owner
DA:339,1773
FN:342,StakingPool._toWithdrawalCred
FNDA:1525,StakingPool._toWithdrawalCred
DA:343,1525
DA:344,1525
DA:348,1525
FN:352,StakingPool.setArt
FNDA:0,StakingPool.setArt
DA:353,0
DA:354,0
DA:355,0
BRDA:355,28,0,-
BRDA:355,28,1,-
DA:356,0
FN:362,StakingPool.
FNDA:0,StakingPool.
FNF:19
FNH:15
LF:93
LH:82
BRF:58
BRH:39
end_of_record
TN:
SF:contracts/StakingPoolFactory.sol
FN:28,StakingPoolFactory.create
FNDA:1,StakingPoolFactory.create
DA:40,1
DA:46,1
DA:47,1
DA:48,1
FNF:1
FNH:1
LF:4
LH:4
BRF:0
BRH:0
end_of_record
TN:
SF:contracts/Waves.sol
FN:5,Waves.getWaves
FNDA:0,Waves.getWaves
DA:6,0
FNF:1
FNH:0
LF:1
LH:0
BRF:0
BRH:0
end_of_record
TN:
SF:test/foundry/TestHelper.sol
FN:17,BoolGetter.getBoolFromStorage
FNDA:0,BoolGetter.getBoolFromStorage
DA:18,0
FN:24,NftReceiver.onERC721Received
FNDA:1,NftReceiver.onERC721Received
DA:31,1
BRDA:31,0,0,1
BRDA:31,0,1,-
DA:32,0
BRDA:32,1,0,-
BRDA:32,1,1,-
DA:33,0
BRDA:33,2,0,-
BRDA:33,2,1,-
DA:34,0
FNF:2
FNH:1
LF:5
LH:1
BRF:6
BRH:1
end_of_record
